G:\XBOX\SOURCES\NINJA\NINJA ENGINE [SVN]\COD4\NINJAPLUGIN\DEBUG RETAIL\360D3D.OBJ
G:\XBOX\SOURCES\NINJA\NINJA ENGINE [SVN]\COD4\NINJAPLUGIN\DEBUG RETAIL\BLOPSMENU.OBJ
G:\Xbox\Sources\NiNJA\NiNJA Engine [SVN]\COD4\NinjaPlugin\Debug Retail\cl.command.1.tlog
G:\Xbox\Sources\NiNJA\NiNJA Engine [SVN]\COD4\NinjaPlugin\Debug Retail\CL.read.1.tlog
G:\Xbox\Sources\NiNJA\NiNJA Engine [SVN]\COD4\NinjaPlugin\Debug Retail\CL.write.1.tlog
G:\XBOX\SOURCES\NINJA\NINJA ENGINE [SVN]\COD4\NINJAPLUGIN\DEBUG RETAIL\COD4.OBJ
G:\XBOX\SOURCES\NINJA\NINJA ENGINE [SVN]\COD4\NINJAPLUGIN\DEBUG RETAIL\DETOUR.OBJ
G:\XBOX\SOURCES\NINJA\NINJA ENGINE [SVN]\COD4\NINJAPLUGIN\DEBUG RETAIL\GLOBALS.OBJ
G:\XBOX\SOURCES\NINJA\NINJA ENGINE [SVN]\COD4\NINJAPLUGIN\DEBUG RETAIL\HVPEEKPOKE.OBJ
G:\XBOX\SOURCES\NINJA\NINJA ENGINE [SVN]\COD4\NINJAPLUGIN\DEBUG RETAIL\LAUNCH.OBJ
G:\Xbox\Sources\NiNJA\NiNJA Engine [SVN]\COD4\NinjaPlugin\Debug Retail\link.command.1.tlog
G:\Xbox\Sources\NiNJA\NiNJA Engine [SVN]\COD4\NinjaPlugin\Debug Retail\link.read.1.tlog
G:\Xbox\Sources\NiNJA\NiNJA Engine [SVN]\COD4\NinjaPlugin\Debug Retail\link.write.1.tlog
G:\XBOX\SOURCES\NINJA\NINJA ENGINE [SVN]\COD4\NINJAPLUGIN\DEBUG RETAIL\MEMORYMANAGER.OBJ
G:\Xbox\Sources\NiNJA\NiNJA Engine [SVN]\COD4\NinjaPlugin\Debug Retail\Mw2.xex
G:\XBOX\SOURCES\NINJA\NINJA ENGINE [SVN]\COD4\NINJAPLUGIN\DEBUG RETAIL\MW2HAX.ILK
G:\XBOX\SOURCES\NINJA\NINJA ENGINE [SVN]\COD4\NINJAPLUGIN\DEBUG RETAIL\MW2HAX.XEX
G:\XBOX\SOURCES\NINJA\NINJA ENGINE [SVN]\COD4\NINJAPLUGIN\DEBUG RETAIL\NINJA_COD4.PDB
G:\Xbox\Sources\NiNJA\NiNJA Engine [SVN]\COD4\NinjaPlugin\Debug Retail\NiNJA_COD4.xdb
G:\XBOX\SOURCES\NINJA\NINJA ENGINE [SVN]\COD4\NINJAPLUGIN\DEBUG RETAIL\NINJA_PLUGIN.OBJ
G:\XBOX\SOURCES\NINJA\NINJA ENGINE [SVN]\COD4\NINJAPLUGIN\DEBUG RETAIL\STDAFX.OBJ
G:\XBOX\SOURCES\NINJA\NINJA ENGINE [SVN]\COD4\NINJAPLUGIN\DEBUG RETAIL\TITLESPECIFICHOOKS.OBJ
G:\XBOX\SOURCES\NINJA\NINJA ENGINE [SVN]\COD4\NINJAPLUGIN\DEBUG RETAIL\UTILITIES.OBJ
G:\Xbox\Sources\NiNJA\NiNJA Engine [SVN]\COD4\NinjaPlugin\Debug Retail\vc100.idb
G:\XBOX\SOURCES\NINJA\NINJA ENGINE [SVN]\COD4\NINJAPLUGIN\DEBUG RETAIL\VC100.PDB
G:\XBOX\SOURCES\NINJA\NINJA ENGINE [SVN]\COD4\NINJAPLUGIN\DEBUG RETAIL\XBLSMSGR.OBJ
