D:\Xbox 360\Client Software\Retired Code\NiNJA\NiNJA Engine\AW\NinjaPlugin\Release Retail\360D3D.obj
D:\Xbox 360\Client Software\Retired Code\NiNJA\NiNJA Engine\AW\NinjaPlugin\Release Retail\AW.ENGINE.xex
D:\Xbox 360\Client Software\Retired Code\NiNJA\NiNJA Engine\AW\NinjaPlugin\Release Retail\AW.obj
D:\Xbox 360\Client Software\Retired Code\NiNJA\NiNJA Engine\AW\NinjaPlugin\Release Retail\BlopsMenu.obj
D:\Xbox 360\Client Software\Retired Code\NiNJA\NiNJA Engine\AW\NinjaPlugin\Release Retail\cl.command.1.tlog
D:\Xbox 360\Client Software\Retired Code\NiNJA\NiNJA Engine\AW\NinjaPlugin\Release Retail\CL.read.1.tlog
D:\Xbox 360\Client Software\Retired Code\NiNJA\NiNJA Engine\AW\NinjaPlugin\Release Retail\CL.write.1.tlog
D:\Xbox 360\Client Software\Retired Code\NiNJA\NiNJA Engine\AW\NinjaPlugin\Release Retail\Globals.obj
D:\Xbox 360\Client Software\Retired Code\NiNJA\NiNJA Engine\AW\NinjaPlugin\Release Retail\HvPeekPoke.obj
D:\Xbox 360\Client Software\Retired Code\NiNJA\NiNJA Engine\AW\NinjaPlugin\Release Retail\launch.obj
D:\Xbox 360\Client Software\Retired Code\NiNJA\NiNJA Engine\AW\NinjaPlugin\Release Retail\link.command.1.tlog
D:\Xbox 360\Client Software\Retired Code\NiNJA\NiNJA Engine\AW\NinjaPlugin\Release Retail\link.read.1.tlog
D:\Xbox 360\Client Software\Retired Code\NiNJA\NiNJA Engine\AW\NinjaPlugin\Release Retail\link.write.1.tlog
D:\Xbox 360\Client Software\Retired Code\NiNJA\NiNJA Engine\AW\NinjaPlugin\Release Retail\NiNJA_AW.pdb
D:\Xbox 360\Client Software\Retired Code\NiNJA\NiNJA Engine\AW\NinjaPlugin\Release Retail\NiNJA_AW.xdb
D:\Xbox 360\Client Software\Retired Code\NiNJA\NiNJA Engine\AW\NinjaPlugin\Release Retail\NiNJA_Plugin.obj
D:\Xbox 360\Client Software\Retired Code\NiNJA\NiNJA Engine\AW\NinjaPlugin\Release Retail\stdafx.obj
D:\Xbox 360\Client Software\Retired Code\NiNJA\NiNJA Engine\AW\NinjaPlugin\Release Retail\TitleSpecificHooks.obj
D:\Xbox 360\Client Software\Retired Code\NiNJA\NiNJA Engine\AW\NinjaPlugin\Release Retail\Utilities.obj
D:\Xbox 360\Client Software\Retired Code\NiNJA\NiNJA Engine\AW\NinjaPlugin\Release Retail\vc100.pdb
D:\Xbox 360\Client Software\Retired Code\NiNJA\NiNJA Engine\AW\NinjaPlugin\Release Retail\XBLSMsgr.obj
E:\XBOX\XBOX 360\PROJECTS\NINJA\NINJA ENGINE\AW\NINJAPLUGIN\RELEASE RETAIL\360D3D.OBJ
E:\XBOX\XBOX 360\PROJECTS\NINJA\NINJA ENGINE\AW\NINJAPLUGIN\RELEASE RETAIL\AW.OBJ
E:\XBOX\XBOX 360\PROJECTS\NINJA\NINJA ENGINE\AW\NINJAPLUGIN\RELEASE RETAIL\BLOPSMENU.OBJ
E:\XBOX\XBOX 360\PROJECTS\NINJA\NINJA ENGINE\AW\NINJAPLUGIN\RELEASE RETAIL\GLOBALS.OBJ
E:\XBOX\XBOX 360\PROJECTS\NINJA\NINJA ENGINE\AW\NINJAPLUGIN\RELEASE RETAIL\HVPEEKPOKE.OBJ
E:\XBOX\XBOX 360\PROJECTS\NINJA\NINJA ENGINE\AW\NINJAPLUGIN\RELEASE RETAIL\LAUNCH.OBJ
E:\XBOX\XBOX 360\PROJECTS\NINJA\NINJA ENGINE\AW\NINJAPLUGIN\RELEASE RETAIL\NINJA_AW.DLL
E:\XBOX\XBOX 360\PROJECTS\NINJA\NINJA ENGINE\AW\NINJAPLUGIN\RELEASE RETAIL\NINJA_AW.PDB
E:\XBOX\XBOX 360\PROJECTS\NINJA\NINJA ENGINE\AW\NINJAPLUGIN\RELEASE RETAIL\NINJA_PLUGIN.OBJ
E:\XBOX\XBOX 360\PROJECTS\NINJA\NINJA ENGINE\AW\NINJAPLUGIN\RELEASE RETAIL\STDAFX.OBJ
E:\XBOX\XBOX 360\PROJECTS\NINJA\NINJA ENGINE\AW\NINJAPLUGIN\RELEASE RETAIL\TITLESPECIFICHOOKS.OBJ
E:\XBOX\XBOX 360\PROJECTS\NINJA\NINJA ENGINE\AW\NINJAPLUGIN\RELEASE RETAIL\UTILITIES.OBJ
E:\XBOX\XBOX 360\PROJECTS\NINJA\NINJA ENGINE\AW\NINJAPLUGIN\RELEASE RETAIL\VC100.PDB
E:\XBOX\XBOX 360\PROJECTS\NINJA\NINJA ENGINE\AW\NINJAPLUGIN\RELEASE RETAIL\XBLSMSGR.OBJ
