D:\Xbox 360\Client Software\Retired Code\NiNJA\NiNJA Engine\WAW\NinjaPlugin\Release Retail\360D3D.obj
D:\Xbox 360\Client Software\Retired Code\NiNJA\NiNJA Engine\WAW\NinjaPlugin\Release Retail\BlopsMenu.obj
D:\Xbox 360\Client Software\Retired Code\NiNJA\NiNJA Engine\WAW\NinjaPlugin\Release Retail\cl.command.1.tlog
D:\Xbox 360\Client Software\Retired Code\NiNJA\NiNJA Engine\WAW\NinjaPlugin\Release Retail\CL.read.1.tlog
D:\Xbox 360\Client Software\Retired Code\NiNJA\NiNJA Engine\WAW\NinjaPlugin\Release Retail\CL.write.1.tlog
D:\Xbox 360\Client Software\Retired Code\NiNJA\NiNJA Engine\WAW\NinjaPlugin\Release Retail\Detour.obj
D:\Xbox 360\Client Software\Retired Code\NiNJA\NiNJA Engine\WAW\NinjaPlugin\Release Retail\GeoLocationParser.obj
D:\Xbox 360\Client Software\Retired Code\NiNJA\NiNJA Engine\WAW\NinjaPlugin\Release Retail\Globals.obj
D:\Xbox 360\Client Software\Retired Code\NiNJA\NiNJA Engine\WAW\NinjaPlugin\Release Retail\HttpRequest.obj
D:\Xbox 360\Client Software\Retired Code\NiNJA\NiNJA Engine\WAW\NinjaPlugin\Release Retail\HvPeekPoke.obj
D:\Xbox 360\Client Software\Retired Code\NiNJA\NiNJA Engine\WAW\NinjaPlugin\Release Retail\launch.obj
D:\Xbox 360\Client Software\Retired Code\NiNJA\NiNJA Engine\WAW\NinjaPlugin\Release Retail\link.command.1.tlog
D:\Xbox 360\Client Software\Retired Code\NiNJA\NiNJA Engine\WAW\NinjaPlugin\Release Retail\link.read.1.tlog
D:\Xbox 360\Client Software\Retired Code\NiNJA\NiNJA Engine\WAW\NinjaPlugin\Release Retail\link.write.1.tlog
D:\Xbox 360\Client Software\Retired Code\NiNJA\NiNJA Engine\WAW\NinjaPlugin\Release Retail\MemoryManager.obj
D:\Xbox 360\Client Software\Retired Code\NiNJA\NiNJA Engine\WAW\NinjaPlugin\Release Retail\Menu.obj
D:\Xbox 360\Client Software\Retired Code\NiNJA\NiNJA Engine\WAW\NinjaPlugin\Release Retail\NiNJA_Plugin.obj
D:\Xbox 360\Client Software\Retired Code\NiNJA\NiNJA Engine\WAW\NinjaPlugin\Release Retail\NiNJA_WAW.pdb
D:\Xbox 360\Client Software\Retired Code\NiNJA\NiNJA Engine\WAW\NinjaPlugin\Release Retail\NiNJA_WAW.xdb
D:\Xbox 360\Client Software\Retired Code\NiNJA\NiNJA Engine\WAW\NinjaPlugin\Release Retail\SecureStrings.obj
D:\Xbox 360\Client Software\Retired Code\NiNJA\NiNJA Engine\WAW\NinjaPlugin\Release Retail\stdafx.obj
D:\Xbox 360\Client Software\Retired Code\NiNJA\NiNJA Engine\WAW\NinjaPlugin\Release Retail\TitleSpecificHooks.obj
D:\Xbox 360\Client Software\Retired Code\NiNJA\NiNJA Engine\WAW\NinjaPlugin\Release Retail\Utilities.obj
D:\Xbox 360\Client Software\Retired Code\NiNJA\NiNJA Engine\WAW\NinjaPlugin\Release Retail\vc100.pdb
D:\Xbox 360\Client Software\Retired Code\NiNJA\NiNJA Engine\WAW\NinjaPlugin\Release Retail\WAW.ENGINE.xex
D:\Xbox 360\Client Software\Retired Code\NiNJA\NiNJA Engine\WAW\NinjaPlugin\Release Retail\WAW.obj
D:\Xbox 360\Client Software\Retired Code\NiNJA\NiNJA Engine\WAW\NinjaPlugin\Release Retail\XBLSMsgr.obj
E:\XBOX\XBOX 360\PROJECTS\NINJA\NINJA ENGINE\WAW\NINJAPLUGIN\RELEASE RETAIL\360D3D.OBJ
E:\XBOX\XBOX 360\PROJECTS\NINJA\NINJA ENGINE\WAW\NINJAPLUGIN\RELEASE RETAIL\BLOPSMENU.OBJ
E:\XBOX\XBOX 360\PROJECTS\NINJA\NINJA ENGINE\WAW\NINJAPLUGIN\RELEASE RETAIL\DETOUR.OBJ
E:\XBOX\XBOX 360\PROJECTS\NINJA\NINJA ENGINE\WAW\NINJAPLUGIN\RELEASE RETAIL\GEOLOCATIONPARSER.OBJ
E:\XBOX\XBOX 360\PROJECTS\NINJA\NINJA ENGINE\WAW\NINJAPLUGIN\RELEASE RETAIL\GLOBALS.OBJ
E:\XBOX\XBOX 360\PROJECTS\NINJA\NINJA ENGINE\WAW\NINJAPLUGIN\RELEASE RETAIL\HTTPREQUEST.OBJ
E:\XBOX\XBOX 360\PROJECTS\NINJA\NINJA ENGINE\WAW\NINJAPLUGIN\RELEASE RETAIL\HVPEEKPOKE.OBJ
E:\XBOX\XBOX 360\PROJECTS\NINJA\NINJA ENGINE\WAW\NINJAPLUGIN\RELEASE RETAIL\LAUNCH.OBJ
E:\XBOX\XBOX 360\PROJECTS\NINJA\NINJA ENGINE\WAW\NINJAPLUGIN\RELEASE RETAIL\MEMORYMANAGER.OBJ
E:\XBOX\XBOX 360\PROJECTS\NINJA\NINJA ENGINE\WAW\NINJAPLUGIN\RELEASE RETAIL\MENU.OBJ
E:\XBOX\XBOX 360\PROJECTS\NINJA\NINJA ENGINE\WAW\NINJAPLUGIN\RELEASE RETAIL\NINJA_PLUGIN.OBJ
E:\XBOX\XBOX 360\PROJECTS\NINJA\NINJA ENGINE\WAW\NINJAPLUGIN\RELEASE RETAIL\NINJA_WAW.DLL
E:\XBOX\XBOX 360\PROJECTS\NINJA\NINJA ENGINE\WAW\NINJAPLUGIN\RELEASE RETAIL\NINJA_WAW.PDB
E:\XBOX\XBOX 360\PROJECTS\NINJA\NINJA ENGINE\WAW\NINJAPLUGIN\RELEASE RETAIL\SECURESTRINGS.OBJ
E:\XBOX\XBOX 360\PROJECTS\NINJA\NINJA ENGINE\WAW\NINJAPLUGIN\RELEASE RETAIL\STDAFX.OBJ
E:\XBOX\XBOX 360\PROJECTS\NINJA\NINJA ENGINE\WAW\NINJAPLUGIN\RELEASE RETAIL\TITLESPECIFICHOOKS.OBJ
E:\XBOX\XBOX 360\PROJECTS\NINJA\NINJA ENGINE\WAW\NINJAPLUGIN\RELEASE RETAIL\UTILITIES.OBJ
E:\XBOX\XBOX 360\PROJECTS\NINJA\NINJA ENGINE\WAW\NINJAPLUGIN\RELEASE RETAIL\VC100.PDB
E:\XBOX\XBOX 360\PROJECTS\NINJA\NINJA ENGINE\WAW\NINJAPLUGIN\RELEASE RETAIL\WAW.OBJ
E:\XBOX\XBOX 360\PROJECTS\NINJA\NINJA ENGINE\WAW\NINJAPLUGIN\RELEASE RETAIL\XBLSMSGR.OBJ
