G:\Xbox\Sources\NiNJA\NiNJA Engine [SVN]\COD4\NinjaPlugin\Release Retail\360D3D.obj
G:\Xbox\Sources\NiNJA\NiNJA Engine [SVN]\COD4\NinjaPlugin\Release Retail\BlopsMenu.obj
G:\Xbox\Sources\NiNJA\NiNJA Engine [SVN]\COD4\NinjaPlugin\Release Retail\CL.12716.read.1.tlog
G:\Xbox\Sources\NiNJA\NiNJA Engine [SVN]\COD4\NinjaPlugin\Release Retail\CL.12716.write.1.tlog
G:\Xbox\Sources\NiNJA\NiNJA Engine [SVN]\COD4\NinjaPlugin\Release Retail\CL.14016.read.1.tlog
G:\Xbox\Sources\NiNJA\NiNJA Engine [SVN]\COD4\NinjaPlugin\Release Retail\CL.14016.write.1.tlog
G:\Xbox\Sources\NiNJA\NiNJA Engine [SVN]\COD4\NinjaPlugin\Release Retail\CL.15784.read.1.tlog
G:\Xbox\Sources\NiNJA\NiNJA Engine [SVN]\COD4\NinjaPlugin\Release Retail\CL.15784.write.1.tlog
G:\Xbox\Sources\NiNJA\NiNJA Engine [SVN]\COD4\NinjaPlugin\Release Retail\CL.7040.read.1.tlog
G:\Xbox\Sources\NiNJA\NiNJA Engine [SVN]\COD4\NinjaPlugin\Release Retail\CL.7040.write.1.tlog
G:\Xbox\Sources\NiNJA\NiNJA Engine [SVN]\COD4\NinjaPlugin\Release Retail\CL.8340.read.1.tlog
G:\Xbox\Sources\NiNJA\NiNJA Engine [SVN]\COD4\NinjaPlugin\Release Retail\CL.8340.write.1.tlog
G:\Xbox\Sources\NiNJA\NiNJA Engine [SVN]\COD4\NinjaPlugin\Release Retail\CL.8788.read.1.tlog
G:\Xbox\Sources\NiNJA\NiNJA Engine [SVN]\COD4\NinjaPlugin\Release Retail\CL.8788.write.1.tlog
G:\Xbox\Sources\NiNJA\NiNJA Engine [SVN]\COD4\NinjaPlugin\Release Retail\CL.9004.read.1.tlog
G:\Xbox\Sources\NiNJA\NiNJA Engine [SVN]\COD4\NinjaPlugin\Release Retail\CL.9004.write.1.tlog
G:\Xbox\Sources\NiNJA\NiNJA Engine [SVN]\COD4\NinjaPlugin\Release Retail\CL.9236.read.1.tlog
G:\Xbox\Sources\NiNJA\NiNJA Engine [SVN]\COD4\NinjaPlugin\Release Retail\CL.9236.write.1.tlog
G:\Xbox\Sources\NiNJA\NiNJA Engine [SVN]\COD4\NinjaPlugin\Release Retail\cl.command.1.tlog
G:\Xbox\Sources\NiNJA\NiNJA Engine [SVN]\COD4\NinjaPlugin\Release Retail\CL.read.1.tlog
G:\Xbox\Sources\NiNJA\NiNJA Engine [SVN]\COD4\NinjaPlugin\Release Retail\cl.write.1.tlog
G:\Xbox\Sources\NiNJA\NiNJA Engine [SVN]\COD4\NinjaPlugin\Release Retail\COD4.obj
G:\Xbox\Sources\NiNJA\NiNJA Engine [SVN]\COD4\NinjaPlugin\Release Retail\COD4.xex
G:\Xbox\Sources\NiNJA\NiNJA Engine [SVN]\COD4\NinjaPlugin\Release Retail\Detour.obj
G:\Xbox\Sources\NiNJA\NiNJA Engine [SVN]\COD4\NinjaPlugin\Release Retail\Globals.obj
G:\Xbox\Sources\NiNJA\NiNJA Engine [SVN]\COD4\NinjaPlugin\Release Retail\HvPeekPoke.obj
G:\Xbox\Sources\NiNJA\NiNJA Engine [SVN]\COD4\NinjaPlugin\Release Retail\ini.obj
G:\Xbox\Sources\NiNJA\NiNJA Engine [SVN]\COD4\NinjaPlugin\Release Retail\INIReader.obj
G:\Xbox\Sources\NiNJA\NiNJA Engine [SVN]\COD4\NinjaPlugin\Release Retail\launch.obj
G:\Xbox\Sources\NiNJA\NiNJA Engine [SVN]\COD4\NinjaPlugin\Release Retail\link.command.1.tlog
G:\Xbox\Sources\NiNJA\NiNJA Engine [SVN]\COD4\NinjaPlugin\Release Retail\link.read.1.tlog
G:\Xbox\Sources\NiNJA\NiNJA Engine [SVN]\COD4\NinjaPlugin\Release Retail\link.write.1.tlog
G:\Xbox\Sources\NiNJA\NiNJA Engine [SVN]\COD4\NinjaPlugin\Release Retail\MemoryManager.obj
G:\XBOX\SOURCES\NINJA\NINJA ENGINE [SVN]\COD4\NINJAPLUGIN\RELEASE RETAIL\NINJA_COD4.DLL
G:\XBOX\SOURCES\NINJA\NINJA ENGINE [SVN]\COD4\NINJAPLUGIN\RELEASE RETAIL\NINJA_COD4.PDB
G:\Xbox\Sources\NiNJA\NiNJA Engine [SVN]\COD4\NinjaPlugin\Release Retail\NiNJA_COD4.xdb
G:\Xbox\Sources\NiNJA\NiNJA Engine [SVN]\COD4\NinjaPlugin\Release Retail\NiNJA_Plugin.obj
G:\Xbox\Sources\NiNJA\NiNJA Engine [SVN]\COD4\NinjaPlugin\Release Retail\stdafx.obj
G:\Xbox\Sources\NiNJA\NiNJA Engine [SVN]\COD4\NinjaPlugin\Release Retail\TitleSpecificHooks.obj
G:\Xbox\Sources\NiNJA\NiNJA Engine [SVN]\COD4\NinjaPlugin\Release Retail\Utilities.obj
G:\XBOX\SOURCES\NINJA\NINJA ENGINE [SVN]\COD4\NINJAPLUGIN\RELEASE RETAIL\VC100.PDB
G:\Xbox\Sources\NiNJA\NiNJA Engine [SVN]\COD4\NinjaPlugin\Release Retail\XBLSMsgr.obj
