D:\Xbox 360\Client Software\Retired Code\NiNJA\NiNJA Engine\COD4\NinjaPlugin\Release Retail\360D3D.obj
D:\Xbox 360\Client Software\Retired Code\NiNJA\NiNJA Engine\COD4\NinjaPlugin\Release Retail\BlopsMenu.obj
D:\Xbox 360\Client Software\Retired Code\NiNJA\NiNJA Engine\COD4\NinjaPlugin\Release Retail\CL.10160.read.1.tlog
D:\Xbox 360\Client Software\Retired Code\NiNJA\NiNJA Engine\COD4\NinjaPlugin\Release Retail\CL.10160.write.1.tlog
D:\Xbox 360\Client Software\Retired Code\NiNJA\NiNJA Engine\COD4\NinjaPlugin\Release Retail\CL.13760.read.1.tlog
D:\Xbox 360\Client Software\Retired Code\NiNJA\NiNJA Engine\COD4\NinjaPlugin\Release Retail\CL.13760.write.1.tlog
D:\Xbox 360\Client Software\Retired Code\NiNJA\NiNJA Engine\COD4\NinjaPlugin\Release Retail\CL.14676.read.1.tlog
D:\Xbox 360\Client Software\Retired Code\NiNJA\NiNJA Engine\COD4\NinjaPlugin\Release Retail\CL.14676.write.1.tlog
D:\Xbox 360\Client Software\Retired Code\NiNJA\NiNJA Engine\COD4\NinjaPlugin\Release Retail\CL.15016.read.1.tlog
D:\Xbox 360\Client Software\Retired Code\NiNJA\NiNJA Engine\COD4\NinjaPlugin\Release Retail\CL.15016.write.1.tlog
D:\Xbox 360\Client Software\Retired Code\NiNJA\NiNJA Engine\COD4\NinjaPlugin\Release Retail\CL.15056.read.1.tlog
D:\Xbox 360\Client Software\Retired Code\NiNJA\NiNJA Engine\COD4\NinjaPlugin\Release Retail\CL.15056.write.1.tlog
D:\Xbox 360\Client Software\Retired Code\NiNJA\NiNJA Engine\COD4\NinjaPlugin\Release Retail\CL.1624.read.1.tlog
D:\Xbox 360\Client Software\Retired Code\NiNJA\NiNJA Engine\COD4\NinjaPlugin\Release Retail\CL.1624.write.1.tlog
D:\Xbox 360\Client Software\Retired Code\NiNJA\NiNJA Engine\COD4\NinjaPlugin\Release Retail\CL.3824.read.1.tlog
D:\Xbox 360\Client Software\Retired Code\NiNJA\NiNJA Engine\COD4\NinjaPlugin\Release Retail\CL.3824.write.1.tlog
D:\Xbox 360\Client Software\Retired Code\NiNJA\NiNJA Engine\COD4\NinjaPlugin\Release Retail\CL.568.read.1.tlog
D:\Xbox 360\Client Software\Retired Code\NiNJA\NiNJA Engine\COD4\NinjaPlugin\Release Retail\CL.568.write.1.tlog
D:\Xbox 360\Client Software\Retired Code\NiNJA\NiNJA Engine\COD4\NinjaPlugin\Release Retail\cl.command.1.tlog
D:\Xbox 360\Client Software\Retired Code\NiNJA\NiNJA Engine\COD4\NinjaPlugin\Release Retail\CL.read.1.tlog
D:\Xbox 360\Client Software\Retired Code\NiNJA\NiNJA Engine\COD4\NinjaPlugin\Release Retail\cl.write.1.tlog
D:\Xbox 360\Client Software\Retired Code\NiNJA\NiNJA Engine\COD4\NinjaPlugin\Release Retail\COD4.obj
D:\Xbox 360\Client Software\Retired Code\NiNJA\NiNJA Engine\COD4\NinjaPlugin\Release Retail\Detour.obj
D:\Xbox 360\Client Software\Retired Code\NiNJA\NiNJA Engine\COD4\NinjaPlugin\Release Retail\GeoLocationParser.obj
D:\Xbox 360\Client Software\Retired Code\NiNJA\NiNJA Engine\COD4\NinjaPlugin\Release Retail\Globals.obj
D:\Xbox 360\Client Software\Retired Code\NiNJA\NiNJA Engine\COD4\NinjaPlugin\Release Retail\HttpRequest.obj
D:\Xbox 360\Client Software\Retired Code\NiNJA\NiNJA Engine\COD4\NinjaPlugin\Release Retail\HvPeekPoke.obj
D:\Xbox 360\Client Software\Retired Code\NiNJA\NiNJA Engine\COD4\NinjaPlugin\Release Retail\launch.obj
D:\Xbox 360\Client Software\Retired Code\NiNJA\NiNJA Engine\COD4\NinjaPlugin\Release Retail\link.command.1.tlog
D:\Xbox 360\Client Software\Retired Code\NiNJA\NiNJA Engine\COD4\NinjaPlugin\Release Retail\link.read.1.tlog
D:\Xbox 360\Client Software\Retired Code\NiNJA\NiNJA Engine\COD4\NinjaPlugin\Release Retail\link.write.1.tlog
D:\Xbox 360\Client Software\Retired Code\NiNJA\NiNJA Engine\COD4\NinjaPlugin\Release Retail\MemoryManager.obj
D:\Xbox 360\Client Software\Retired Code\NiNJA\NiNJA Engine\COD4\NinjaPlugin\Release Retail\Menu.obj
D:\Xbox 360\Client Software\Retired Code\NiNJA\NiNJA Engine\COD4\NinjaPlugin\Release Retail\MW1.ENGINE.xex
D:\Xbox 360\Client Software\Retired Code\NiNJA\NiNJA Engine\COD4\NinjaPlugin\Release Retail\NiNJA_COD4.pdb
D:\Xbox 360\Client Software\Retired Code\NiNJA\NiNJA Engine\COD4\NinjaPlugin\Release Retail\NiNJA_COD4.xdb
D:\Xbox 360\Client Software\Retired Code\NiNJA\NiNJA Engine\COD4\NinjaPlugin\Release Retail\NiNJA_Plugin.obj
D:\Xbox 360\Client Software\Retired Code\NiNJA\NiNJA Engine\COD4\NinjaPlugin\Release Retail\SecureStrings.obj
D:\Xbox 360\Client Software\Retired Code\NiNJA\NiNJA Engine\COD4\NinjaPlugin\Release Retail\stdafx.obj
D:\Xbox 360\Client Software\Retired Code\NiNJA\NiNJA Engine\COD4\NinjaPlugin\Release Retail\TitleSpecificHooks.obj
D:\Xbox 360\Client Software\Retired Code\NiNJA\NiNJA Engine\COD4\NinjaPlugin\Release Retail\Utilities.obj
D:\Xbox 360\Client Software\Retired Code\NiNJA\NiNJA Engine\COD4\NinjaPlugin\Release Retail\vc100.pdb
D:\Xbox 360\Client Software\Retired Code\NiNJA\NiNJA Engine\COD4\NinjaPlugin\Release Retail\XBLSMsgr.obj
E:\XBOX\XBOX 360\PROJECTS\NINJA\NINJA ENGINE\COD4\NINJAPLUGIN\RELEASE RETAIL\NINJA_COD4.DLL
E:\XBOX\XBOX 360\PROJECTS\NINJA\NINJA ENGINE\COD4\NINJAPLUGIN\RELEASE RETAIL\NINJA_COD4.PDB
E:\XBOX\XBOX 360\PROJECTS\NINJA\NINJA ENGINE\COD4\NINJAPLUGIN\RELEASE RETAIL\VC100.PDB
