D:\Xbox 360\Client Software\Retired Code\NiNJA\NiNJA Engine\BO3\NinjaPlugin\Release Retail\360D3D.obj
D:\Xbox 360\Client Software\Retired Code\NiNJA\NiNJA Engine\BO3\NinjaPlugin\Release Retail\BlopsMenu.obj
D:\Xbox 360\Client Software\Retired Code\NiNJA\NiNJA Engine\BO3\NinjaPlugin\Release Retail\BO3.ENGINE.xex
D:\Xbox 360\Client Software\Retired Code\NiNJA\NiNJA Engine\BO3\NinjaPlugin\Release Retail\BO3.obj
D:\Xbox 360\Client Software\Retired Code\NiNJA\NiNJA Engine\BO3\NinjaPlugin\Release Retail\cl.command.1.tlog
D:\Xbox 360\Client Software\Retired Code\NiNJA\NiNJA Engine\BO3\NinjaPlugin\Release Retail\CL.read.1.tlog
D:\Xbox 360\Client Software\Retired Code\NiNJA\NiNJA Engine\BO3\NinjaPlugin\Release Retail\CL.write.1.tlog
D:\Xbox 360\Client Software\Retired Code\NiNJA\NiNJA Engine\BO3\NinjaPlugin\Release Retail\Globals.obj
D:\Xbox 360\Client Software\Retired Code\NiNJA\NiNJA Engine\BO3\NinjaPlugin\Release Retail\HvPeekPoke.obj
D:\Xbox 360\Client Software\Retired Code\NiNJA\NiNJA Engine\BO3\NinjaPlugin\Release Retail\launch.obj
D:\Xbox 360\Client Software\Retired Code\NiNJA\NiNJA Engine\BO3\NinjaPlugin\Release Retail\link.command.1.tlog
D:\Xbox 360\Client Software\Retired Code\NiNJA\NiNJA Engine\BO3\NinjaPlugin\Release Retail\link.read.1.tlog
D:\Xbox 360\Client Software\Retired Code\NiNJA\NiNJA Engine\BO3\NinjaPlugin\Release Retail\link.write.1.tlog
D:\Xbox 360\Client Software\Retired Code\NiNJA\NiNJA Engine\BO3\NinjaPlugin\Release Retail\NiNJA_BO3.pdb
D:\Xbox 360\Client Software\Retired Code\NiNJA\NiNJA Engine\BO3\NinjaPlugin\Release Retail\NiNJA_BO3.xdb
D:\Xbox 360\Client Software\Retired Code\NiNJA\NiNJA Engine\BO3\NinjaPlugin\Release Retail\NiNJA_Plugin.obj
D:\Xbox 360\Client Software\Retired Code\NiNJA\NiNJA Engine\BO3\NinjaPlugin\Release Retail\stdafx.obj
D:\Xbox 360\Client Software\Retired Code\NiNJA\NiNJA Engine\BO3\NinjaPlugin\Release Retail\TitleSpecificHooks.obj
D:\Xbox 360\Client Software\Retired Code\NiNJA\NiNJA Engine\BO3\NinjaPlugin\Release Retail\Utilities.obj
D:\Xbox 360\Client Software\Retired Code\NiNJA\NiNJA Engine\BO3\NinjaPlugin\Release Retail\vc100.pdb
D:\Xbox 360\Client Software\Retired Code\NiNJA\NiNJA Engine\BO3\NinjaPlugin\Release Retail\XBLSMsgr.obj
E:\XBOX\XBOX 360\PROJECTS\NINJA\NINJA ENGINE\BO3\NINJAPLUGIN\RELEASE RETAIL\360D3D.OBJ
E:\XBOX\XBOX 360\PROJECTS\NINJA\NINJA ENGINE\BO3\NINJAPLUGIN\RELEASE RETAIL\BLOPSMENU.OBJ
E:\XBOX\XBOX 360\PROJECTS\NINJA\NINJA ENGINE\BO3\NINJAPLUGIN\RELEASE RETAIL\BO3.OBJ
E:\XBOX\XBOX 360\PROJECTS\NINJA\NINJA ENGINE\BO3\NINJAPLUGIN\RELEASE RETAIL\GLOBALS.OBJ
E:\XBOX\XBOX 360\PROJECTS\NINJA\NINJA ENGINE\BO3\NINJAPLUGIN\RELEASE RETAIL\HVPEEKPOKE.OBJ
E:\XBOX\XBOX 360\PROJECTS\NINJA\NINJA ENGINE\BO3\NINJAPLUGIN\RELEASE RETAIL\LAUNCH.OBJ
E:\XBOX\XBOX 360\PROJECTS\NINJA\NINJA ENGINE\BO3\NINJAPLUGIN\RELEASE RETAIL\NINJA_BO3.DLL
E:\XBOX\XBOX 360\PROJECTS\NINJA\NINJA ENGINE\BO3\NINJAPLUGIN\RELEASE RETAIL\NINJA_BO3.PDB
E:\XBOX\XBOX 360\PROJECTS\NINJA\NINJA ENGINE\BO3\NINJAPLUGIN\RELEASE RETAIL\NINJA_PLUGIN.OBJ
E:\XBOX\XBOX 360\PROJECTS\NINJA\NINJA ENGINE\BO3\NINJAPLUGIN\RELEASE RETAIL\STDAFX.OBJ
E:\XBOX\XBOX 360\PROJECTS\NINJA\NINJA ENGINE\BO3\NINJAPLUGIN\RELEASE RETAIL\TITLESPECIFICHOOKS.OBJ
E:\XBOX\XBOX 360\PROJECTS\NINJA\NINJA ENGINE\BO3\NINJAPLUGIN\RELEASE RETAIL\UTILITIES.OBJ
E:\XBOX\XBOX 360\PROJECTS\NINJA\NINJA ENGINE\BO3\NINJAPLUGIN\RELEASE RETAIL\VC100.PDB
E:\XBOX\XBOX 360\PROJECTS\NINJA\NINJA ENGINE\BO3\NINJAPLUGIN\RELEASE RETAIL\XBLSMSGR.OBJ
